{"numFailedTestSuites":0,"numFailedTests":0,"numPassedTestSuites":1,"numPassedTests":2,"numPendingTestSuites":0,"numPendingTests":0,"numRuntimeErrorTestSuites":0,"numTodoTests":0,"numTotalTestSuites":1,"numTotalTests":2,"openHandles":[],"snapshot":{"added":0,"didUpdate":false,"failure":false,"filesAdded":0,"filesRemoved":0,"filesRemovedList":[],"filesUnmatched":0,"filesUpdated":0,"matched":0,"total":0,"unchecked":0,"uncheckedKeysByFile":[],"unmatched":0,"updated":0},"startTime":1762167501653,"success":true,"testResults":[{"assertionResults":[{"ancestorTitles":["smoke utils"],"duration":1,"failureDetails":[],"failureMessages":[],"fullName":"smoke utils fixVideoUrlForPlayback returns null for empty","invocations":1,"location":null,"numPassingAsserts":1,"retryReasons":[],"status":"passed","title":"fixVideoUrlForPlayback returns null for empty"},{"ancestorTitles":["smoke utils"],"duration":0,"failureDetails":[],"failureMessages":[],"fullName":"smoke utils fixVideoUrlForPlayback returns original when no change needed","invocations":1,"location":null,"numPassingAsserts":1,"retryReasons":[],"status":"passed","title":"fixVideoUrlForPlayback returns original when no change needed"}],"endTime":1762167506123,"message":"","name":"C:\\Users\\Alex\\369369369\\__tests__\\smoke.test.js","startTime":1762167502258,"status":"passed","summary":""}],"wasInterrupted":false}
