<?xml version="1.0" encoding="UTF-8"?>
<coverage generated="1762336928832" clover="3.2.0">
  <project timestamp="1762336928832" name="All files">
    <metrics statements="36" coveredstatements="5" conditionals="22" coveredconditionals="3" methods="2" coveredmethods="1" elements="60" coveredelements="9" complexity="0" loc="36" ncloc="36" packages="1" files="1" classes="1"/>
    <file name="videoUrlFixer.js" path="C:\Users\Alex\369369369\src\utils\videoUrlFixer.js">
      <metrics statements="36" coveredstatements="5" conditionals="22" coveredconditionals="3" methods="2" coveredmethods="1"/>
      <line num="9" count="1" type="stmt"/>
      <line num="10" count="0" type="cond" truecount="0" falsecount="2"/>
      <line num="12" count="0" type="stmt"/>
      <line num="14" count="0" type="stmt"/>
      <line num="15" count="0" type="cond" truecount="0" falsecount="2"/>
      <line num="16" count="0" type="stmt"/>
      <line num="19" count="0" type="stmt"/>
      <line num="22" count="0" type="stmt"/>
      <line num="24" count="0" type="cond" truecount="0" falsecount="2"/>
      <line num="26" count="0" type="stmt"/>
      <line num="27" count="0" type="cond" truecount="0" falsecount="2"/>
      <line num="29" count="0" type="stmt"/>
      <line num="33" count="0" type="stmt"/>
      <line num="34" count="0" type="cond" truecount="0" falsecount="2"/>
      <line num="35" count="0" type="stmt"/>
      <line num="36" count="0" type="cond" truecount="0" falsecount="2"/>
      <line num="37" count="0" type="stmt"/>
      <line num="41" count="0" type="stmt"/>
      <line num="42" count="0" type="stmt"/>
      <line num="43" count="0" type="stmt"/>
      <line num="44" count="0" type="cond" truecount="0" falsecount="2"/>
      <line num="45" count="0" type="stmt"/>
      <line num="46" count="0" type="stmt"/>
      <line num="49" count="0" type="stmt"/>
      <line num="54" count="0" type="stmt"/>
      <line num="55" count="0" type="stmt"/>
      <line num="58" count="0" type="stmt"/>
      <line num="59" count="0" type="stmt"/>
      <line num="64" count="1" type="stmt"/>
      <line num="65" count="2" type="cond" truecount="2" falsecount="0"/>
      <line num="68" count="1" type="cond" truecount="1" falsecount="1"/>
      <line num="70" count="0" type="stmt"/>
      <line num="71" count="0" type="cond" truecount="0" falsecount="2"/>
      <line num="72" count="0" type="stmt"/>
      <line num="73" count="0" type="cond" truecount="0" falsecount="2"/>
      <line num="77" count="1" type="stmt"/>
    </file>
  </project>
</coverage>
