{"C:\\Users\\Alex\\369369369\\src\\utils\\videoUrlFixer.js": {"path":"C:\\Users\\Alex\\369369369\\src\\utils\\videoUrlFixer.js","statementMap":{"0":{"start":{"line":9,"column":34},"end":{"line":61,"column":1}},"1":{"start":{"line":10,"column":2},"end":{"line":10,"column":32}},"2":{"start":{"line":10,"column":20},"end":{"line":10,"column":32}},"3":{"start":{"line":12,"column":2},"end":{"line":60,"column":3}},"4":{"start":{"line":14,"column":21},"end":{"line":14,"column":65}},"5":{"start":{"line":15,"column":4},"end":{"line":17,"column":5}},"6":{"start":{"line":16,"column":6},"end":{"line":16,"column":25}},"7":{"start":{"line":19,"column":4},"end":{"line":19,"column":78}},"8":{"start":{"line":22,"column":25},"end":{"line":22,"column":27}},"9":{"start":{"line":24,"column":4},"end":{"line":30,"column":5}},"10":{"start":{"line":26,"column":6},"end":{"line":26,"column":83}},"11":{"start":{"line":27,"column":11},"end":{"line":30,"column":5}},"12":{"start":{"line":29,"column":6},"end":{"line":29,"column":83}},"13":{"start":{"line":33,"column":21},"end":{"line":33,"column":88}},"14":{"start":{"line":34,"column":4},"end":{"line":38,"column":5}},"15":{"start":{"line":35,"column":38},"end":{"line":35,"column":46}},"16":{"start":{"line":36,"column":24},"end":{"line":36,"column":113}},"17":{"start":{"line":37,"column":6},"end":{"line":37,"column":35}},"18":{"start":{"line":41,"column":4},"end":{"line":51,"column":5}},"19":{"start":{"line":42,"column":6},"end":{"line":50,"column":7}},"20":{"start":{"line":43,"column":28},"end":{"line":43,"column":67}},"21":{"start":{"line":44,"column":8},"end":{"line":47,"column":9}},"22":{"start":{"line":45,"column":10},"end":{"line":45,"column":57}},"23":{"start":{"line":46,"column":10},"end":{"line":46,"column":24}},"24":{"start":{"line":49,"column":8},"end":{"line":49,"column":62}},"25":{"start":{"line":54,"column":4},"end":{"line":54,"column":63}},"26":{"start":{"line":55,"column":4},"end":{"line":55,"column":23}},"27":{"start":{"line":58,"column":4},"end":{"line":58,"column":56}},"28":{"start":{"line":59,"column":4},"end":{"line":59,"column":23}},"29":{"start":{"line":64,"column":38},"end":{"line":78,"column":1}},"30":{"start":{"line":65,"column":2},"end":{"line":65,"column":24}},"31":{"start":{"line":65,"column":12},"end":{"line":65,"column":24}},"32":{"start":{"line":68,"column":2},"end":{"line":75,"column":3}},"33":{"start":{"line":70,"column":18},"end":{"line":70,"column":64}},"34":{"start":{"line":71,"column":4},"end":{"line":74,"column":5}},"35":{"start":{"line":72,"column":30},"end":{"line":72,"column":35}},"36":{"start":{"line":73,"column":6},"end":{"line":73,"column":125}},"37":{"start":{"line":77,"column":2},"end":{"line":77,"column":13}}},"fnMap":{"0":{"name":"(anonymous_0)","decl":{"start":{"line":9,"column":34},"end":{"line":9,"column":35}},"loc":{"start":{"line":9,"column":57},"end":{"line":61,"column":1}},"line":9},"1":{"name":"(anonymous_1)","decl":{"start":{"line":64,"column":38},"end":{"line":64,"column":39}},"loc":{"start":{"line":64,"column":47},"end":{"line":78,"column":1}},"line":64}},"branchMap":{"0":{"loc":{"start":{"line":10,"column":2},"end":{"line":10,"column":32}},"type":"if","locations":[{"start":{"line":10,"column":2},"end":{"line":10,"column":32}},{"start":{},"end":{}}],"line":10},"1":{"loc":{"start":{"line":15,"column":4},"end":{"line":17,"column":5}},"type":"if","locations":[{"start":{"line":15,"column":4},"end":{"line":17,"column":5}},{"start":{},"end":{}}],"line":15},"2":{"loc":{"start":{"line":24,"column":4},"end":{"line":30,"column":5}},"type":"if","locations":[{"start":{"line":24,"column":4},"end":{"line":30,"column":5}},{"start":{"line":27,"column":11},"end":{"line":30,"column":5}}],"line":24},"3":{"loc":{"start":{"line":27,"column":11},"end":{"line":30,"column":5}},"type":"if","locations":[{"start":{"line":27,"column":11},"end":{"line":30,"column":5}},{"start":{},"end":{}}],"line":27},"4":{"loc":{"start":{"line":34,"column":4},"end":{"line":38,"column":5}},"type":"if","locations":[{"start":{"line":34,"column":4},"end":{"line":38,"column":5}},{"start":{},"end":{}}],"line":34},"5":{"loc":{"start":{"line":36,"column":100},"end":{"line":36,"column":111}},"type":"binary-expr","locations":[{"start":{"line":36,"column":100},"end":{"line":36,"column":105}},{"start":{"line":36,"column":109},"end":{"line":36,"column":111}}],"line":36},"6":{"loc":{"start":{"line":44,"column":8},"end":{"line":47,"column":9}},"type":"if","locations":[{"start":{"line":44,"column":8},"end":{"line":47,"column":9}},{"start":{},"end":{}}],"line":44},"7":{"loc":{"start":{"line":65,"column":2},"end":{"line":65,"column":24}},"type":"if","locations":[{"start":{"line":65,"column":2},"end":{"line":65,"column":24}},{"start":{},"end":{}}],"line":65},"8":{"loc":{"start":{"line":68,"column":2},"end":{"line":75,"column":3}},"type":"if","locations":[{"start":{"line":68,"column":2},"end":{"line":75,"column":3}},{"start":{},"end":{}}],"line":68},"9":{"loc":{"start":{"line":71,"column":4},"end":{"line":74,"column":5}},"type":"if","locations":[{"start":{"line":71,"column":4},"end":{"line":74,"column":5}},{"start":{},"end":{}}],"line":71},"10":{"loc":{"start":{"line":73,"column":111},"end":{"line":73,"column":122}},"type":"binary-expr","locations":[{"start":{"line":73,"column":111},"end":{"line":73,"column":116}},{"start":{"line":73,"column":120},"end":{"line":73,"column":122}}],"line":73}},"s":{"0":1,"1":0,"2":0,"3":0,"4":0,"5":0,"6":0,"7":0,"8":0,"9":0,"10":0,"11":0,"12":0,"13":0,"14":0,"15":0,"16":0,"17":0,"18":0,"19":0,"20":0,"21":0,"22":0,"23":0,"24":0,"25":0,"26":0,"27":0,"28":0,"29":1,"30":2,"31":1,"32":1,"33":0,"34":0,"35":0,"36":0,"37":1},"f":{"0":0,"1":2},"b":{"0":[0,0],"1":[0,0],"2":[0,0],"3":[0,0],"4":[0,0],"5":[0,0],"6":[0,0],"7":[1,1],"8":[0,1],"9":[0,0],"10":[0,0]},"_coverageSchema":"1a1c01bbd47fc00a2c39e90264f33305004495a9","hash":"acad84e025e46085993b3ed0640589abf9c111f0"}
}
